<?xml version="1.0" encoding="UTF-8"?>
<testng-results ignored="0" total="2" passed="2" failed="0" skipped="0">
  <reporter-output>
    <line>
      <![CDATA[Clicked on Image Link]]>
    </line>
  </reporter-output>
  <suite started-at="2025-01-28T10:16:55 IST" name="Suite" finished-at="2025-01-28T10:17:32 IST" duration-ms="36821">
    <groups>
    </groups>
    <test started-at="2025-01-28T10:16:55 IST" name="CheckBoxTest" finished-at="2025-01-28T10:17:13 IST" duration-ms="17443">
      <class name="tests.CheckBox1">
        <test-method is-config="true" signature="startup(java.lang.String,java.lang.String,java.lang.String)[pri:0, instance:tests.CheckBox1@32eff876]" started-at="2025-01-28T10:16:56 IST" name="startup" finished-at="2025-01-28T10:17:10 IST" duration-ms="14884" status="PASS">
          <params>
            <param index="0">
              <value>
                <![CDATA[WINDOWS]]>
              </value>
            </param>
            <param index="1">
              <value>
                <![CDATA[chrome]]>
              </value>
            </param>
            <param index="2">
              <value>
                <![CDATA[http://echoecho.com/htmlforms09.htm]]>
              </value>
            </param>
          </params>
          <reporter-output>
          </reporter-output>
        </test-method> <!-- startup -->
        <test-method signature="checkboxTest()[pri:0, instance:tests.CheckBox1@32eff876]" started-at="2025-01-28T10:17:10 IST" name="checkboxTest" finished-at="2025-01-28T10:17:12 IST" duration-ms="1263" status="PASS">
          <reporter-output>
          </reporter-output>
        </test-method> <!-- checkboxTest -->
        <test-method is-config="true" signature="endup()[pri:0, instance:tests.CheckBox1@32eff876]" started-at="2025-01-28T10:17:12 IST" name="endup" finished-at="2025-01-28T10:17:13 IST" duration-ms="880" status="PASS">
          <reporter-output>
          </reporter-output>
        </test-method> <!-- endup -->
      </class> <!-- tests.CheckBox1 -->
    </test> <!-- CheckBoxTest -->
    <test started-at="2025-01-28T10:17:13 IST" name="linktestingTest" finished-at="2025-01-28T10:17:32 IST" duration-ms="19117">
      <class name="tests.LinksTesting1">
        <test-method is-config="true" signature="startup(java.lang.String,java.lang.String,java.lang.String)[pri:0, instance:tests.LinksTesting1@55b699ef]" started-at="2025-01-28T10:17:13 IST" name="startup" finished-at="2025-01-28T10:17:29 IST" duration-ms="15621" status="PASS">
          <params>
            <param index="0">
              <value>
                <![CDATA[WINDOWS]]>
              </value>
            </param>
            <param index="1">
              <value>
                <![CDATA[firefox]]>
              </value>
            </param>
            <param index="2">
              <value>
                <![CDATA[https://google.com]]>
              </value>
            </param>
          </params>
          <reporter-output>
          </reporter-output>
        </test-method> <!-- startup -->
        <test-method signature="linktesting1()[pri:0, instance:tests.LinksTesting1@55b699ef]" started-at="2025-01-28T10:17:29 IST" name="linktesting1" finished-at="2025-01-28T10:17:30 IST" duration-ms="1346" status="PASS">
          <reporter-output>
            <line>
              <![CDATA[Clicked on Image Link]]>
            </line>
          </reporter-output>
        </test-method> <!-- linktesting1 -->
        <test-method is-config="true" signature="endup()[pri:0, instance:tests.LinksTesting1@55b699ef]" started-at="2025-01-28T10:17:30 IST" name="endup" finished-at="2025-01-28T10:17:32 IST" duration-ms="2133" status="PASS">
          <reporter-output>
          </reporter-output>
        </test-method> <!-- endup -->
      </class> <!-- tests.LinksTesting1 -->
    </test> <!-- linktestingTest -->
  </suite> <!-- Suite -->
</testng-results>
