<?xml version="1.0" encoding="UTF-8"?>
<!-- Generated by org.testng.reporters.JUnitXMLReporter -->
<testsuite ignored="0" hostname="DESKTOP-AU847K4" failures="0" tests="5" name="LoginTest" time="0.078" errors="0" timestamp="2024-12-24T10:09:07 IST">
  <testcase classname="tests.LoginTest" name="loginWithValidCredientials" time="0.003"/>
  <testcase classname="tests.LoginTest" name="loginWithInvalidUser" time="0.006"/>
  <testcase classname="tests.LoginTest" name="loginWithInvalidPassword" time="0.009"/>
  <testcase classname="tests.LoginTest" name="loginWithInvalidCredientials" time="0.007"/>
  <testcase classname="tests.LoginTest" name="loginWithEmptyFields" time="0.004"/>
</testsuite> <!-- LoginTest -->
