<?xml version="1.0" encoding="UTF-8"?>
<!-- Generated by org.testng.reporters.JUnitXMLReporter -->
<testsuite ignored="0" hostname="DESKTOP-AU847K4" failures="0" tests="5" name="Login" time="0.2" errors="0" timestamp="2024-12-19T10:54:29 IST">
  <testcase classname="tests.LoginTest" name="loginWithValidCredientials" time="0.025"/>
  <testcase classname="tests.LoginTest" name="loginWithInvalidUser" time="0.004"/>
  <testcase classname="tests.LoginTest" name="loginWithInvalidPassword" time="0.002"/>
  <testcase classname="tests.LoginTest" name="loginWithInvalidCredientials" time="0.015"/>
  <testcase classname="tests.LoginTest" name="loginWithEmptyFields" time="0.006"/>
</testsuite> <!-- Login -->
