<?xml version="1.0" encoding="UTF-8"?>
<!-- Generated by org.testng.reporters.JUnitXMLReporter -->
<testsuite ignored="0" hostname="DESKTOP-AU847K4" failures="0" tests="4" name="RegisterTest" time="0.223" errors="0" timestamp="2024-12-24T10:09:07 IST">
  <testcase classname="tests.RegisterTest" name="registerWithMandotoryFields" time="0.019"/>
  <testcase classname="tests.RegisterTest" name="registerWithAllFields" time="0.021"/>
  <testcase classname="tests.RegisterTest" name="registerWithDuplicateFields" time="0.012"/>
  <testcase classname="tests.RegisterTest" name="registerWithEmptyFields" time="0.003"/>
</testsuite> <!-- RegisterTest -->
