<?xml version="1.0" encoding="UTF-8"?>
<!-- Generated by org.testng.reporters.JUnitXMLReporter -->
<testsuite ignored="0" hostname="DESKTOP-AU847K4" failures="0" tests="4" name="RegisterTest" time="0.193" errors="0" timestamp="2024-12-23T10:45:01 IST">
  <testcase classname="tests.RegisterTest" name="registerWithMandotoryFields" time="0.018"/>
  <testcase classname="tests.RegisterTest" name="registerWithAllFields" time="0.006"/>
  <testcase classname="tests.RegisterTest" name="registerWithDuplicateFields" time="0.014"/>
  <testcase classname="tests.RegisterTest" name="registerWithEmptyFields" time="0.006"/>
</testsuite> <!-- RegisterTest -->
