<?xml version="1.0" encoding="UTF-8"?>
<!-- Generated by org.testng.reporters.JUnitXMLReporter -->
<testsuite ignored="0" hostname="DESKTOP-AU847K4" failures="0" tests="4" name="Register" time="0.241" errors="0" timestamp="2024-12-19T10:54:29 IST">
  <testcase classname="tests.RegisterTest" name="registerWithMandotoryFields" time="0.033"/>
  <testcase classname="tests.RegisterTest" name="registerWithAllFields" time="0.036"/>
  <testcase classname="tests.RegisterTest" name="registerWithDuplicateFields" time="0.002"/>
  <testcase classname="tests.RegisterTest" name="registerWithEmptyFields" time="0.003"/>
</testsuite> <!-- Register -->
