<?xml version="1.0" encoding="UTF-8"?>
<!-- Generated by org.testng.reporters.JUnitXMLReporter -->
<testsuite ignored="0" hostname="DESKTOP-AU847K4" failures="0" tests="3" name="SearchTest" time="0.022" errors="0" timestamp="2024-12-24T10:09:07 IST">
  <testcase classname="tests.SearchTest" name="searchWithValidProduct" time="0.002"/>
  <testcase classname="tests.SearchTest" name="searchWithInvalidProduct" time="0.004"/>
  <testcase classname="tests.SearchTest" name="searchWithEmptyProduct" time="0.002"/>
</testsuite> <!-- SearchTest -->
