<?xml version="1.0" encoding="UTF-8"?>
<!-- Generated by org.testng.reporters.JUnitXMLReporter -->
<testsuite ignored="0" hostname="DESKTOP-AU847K4" failures="0" tests="3" name="SearchTest" time="0.044" errors="0" timestamp="2024-12-28T10:31:22 IST">
  <testcase classname="tests.SearchTest" name="searchWithValidProduct" time="0.013"/>
  <testcase classname="tests.SearchTest" name="searchWithInvalidProduct" time="0.002"/>
  <testcase classname="tests.SearchTest" name="searchWithEmptyProduct" time="0.003"/>
</testsuite> <!-- SearchTest -->
