<?xml version="1.0" encoding="UTF-8"?>
<!-- Generated by org.testng.reporters.JUnitXMLReporter -->
<testsuite ignored="0" hostname="DESKTOP-AU847K4" failures="0" tests="3" name="Search" time="0.269" errors="0" timestamp="2024-12-19T10:54:29 IST">
  <testcase classname="tests.SearchTest" name="searchWithValidProduct" time="0.024"/>
  <testcase classname="tests.SearchTest" name="searchWithInvalidProduct" time="0.022"/>
  <testcase classname="tests.SearchTest" name="searchWithEmptyProduct" time="0.004"/>
</testsuite> <!-- Search -->
