<?xml version="1.0" encoding="UTF-8"?>
<!-- Generated by org.testng.reporters.JUnitXMLReporter -->
<testsuite ignored="0" hostname="DESKTOP-AU847K4" failures="1" tests="4" name="Test" time="0.19" errors="0" timestamp="2024-12-24T10:34:42 IST">
  <testcase classname="tests.RegisterTest1" name="registerWithDuplicateFields" time="0.03"/>
  <testcase classname="tests.RegisterTest1" name="registerWithMandotoryFields" time="0.002"/>
  <testcase classname="tests.RegisterTest1" name="registerWithAllFields" time="0.003">
    <failure type="java.lang.ArithmeticException" message="/ by zero">
      <![CDATA[java.lang.ArithmeticException: / by zero
at tests.RegisterTest1.registerWithAllFields(RegisterTest1.java:21)
at java.base/java.util.ArrayList.forEach(ArrayList.java:1511)
... Removed 27 stack frames]]>
    </failure>
  </testcase> <!-- registerWithAllFields -->
  <testcase classname="tests.RegisterTest1" name="registerWithEmptyFields" time="0.0">
    <skipped/>
  </testcase> <!-- registerWithEmptyFields -->
</testsuite> <!-- Test -->
