<?xml version="1.0" encoding="UTF-8"?>
<!-- Generated by org.testng.reporters.JUnitXMLReporter -->
<testsuite ignored="0" hostname="DESKTOP-AU847K4" failures="0" tests="9" name="Testone" time="0.216" errors="0" timestamp="2024-12-20T09:53:11 IST">
  <testcase classname="tests.RegisterTest" name="registerWithMandotoryFields" time="0.036"/>
  <testcase classname="tests.LoginTest" name="loginWithValidCredientials" time="0.042"/>
  <testcase classname="tests.LoginTest" name="loginWithInvalidUser" time="0.008"/>
  <testcase classname="tests.LoginTest" name="loginWithInvalidPassword" time="0.004"/>
  <testcase classname="tests.LoginTest" name="loginWithInvalidCredientials" time="0.005"/>
  <testcase classname="tests.RegisterTest" name="registerWithAllFields" time="0.027"/>
  <testcase classname="tests.LoginTest" name="loginWithEmptyFields" time="0.008"/>
  <testcase classname="tests.RegisterTest" name="registerWithDuplicateFields" time="0.014"/>
  <testcase classname="tests.RegisterTest" name="registerWithEmptyFields" time="0.002"/>
</testsuite> <!-- Testone -->
