<?xml version="1.0" encoding="UTF-8"?>
<!-- Generated by org.testng.reporters.JUnitXMLReporter -->
<testsuite ignored="0" hostname="DESKTOP-AU847K4" failures="0" tests="6" name="Testtwo" time="0.049" errors="0" timestamp="2024-12-20T09:53:11 IST">
  <testcase classname="tests.SearchTest" name="searchWithValidProduct" time="0.003"/>
  <testcase classname="tests.SearchTest" name="searchWithInvalidProduct" time="0.003"/>
  <testcase classname="tests.SearchTest" name="searchWithEmptyProduct" time="0.002"/>
  <testcase classname="tests.SearchTest1" name="searchWithValidProduct1" time="0.004"/>
  <testcase classname="tests.SearchTest1" name="searchWithInvalidProduct1" time="0.004"/>
  <testcase classname="tests.SearchTest1" name="searchWithEmptyProduct1" time="0.001"/>
</testsuite> <!-- Testtwo -->
