<?xml version="1.0" encoding="UTF-8"?>
<!-- Generated by org.testng.reporters.JUnitXMLReporter -->
<testsuite ignored="0" hostname="DESKTOP-AU847K4" failures="0" tests="5" name="Test" time="0.236" errors="0" timestamp="2024-12-23T10:11:28 IST">
  <testcase classname="tests.LoginTest" name="loginWithValidCredientials" time="0.018"/>
  <testcase classname="tests.LoginTest" name="loginWithInvalidUser" time="0.004"/>
  <testcase classname="tests.LoginTest" name="loginWithInvalidPassword" time="0.017"/>
  <testcase classname="tests.LoginTest" name="loginWithInvalidCredientials" time="0.012"/>
  <testcase classname="tests.LoginTest" name="loginWithEmptyFields" time="0.011"/>
</testsuite> <!-- Test -->
