<?xml version="1.0" encoding="UTF-8"?>
<!-- Generated by org.testng.reporters.JUnitXMLReporter -->
<testsuite ignored="1" hostname="DESKTOP-AU847K4" failures="0" tests="4" name="AutomationTest" time="17.114" errors="0" timestamp="2024-12-18T09:52:13 IST">
  <testcase classname="testNGPack.TNG_001" name="f" time="0.024"/>
  <testcase classname="testNGPack.TNG_001" name="a" time="0.008"/>
  <testcase classname="testNGPack.NewTest" name="f" time="0.013"/>
  <testcase classname="testNGPack.TNG_002" name="amazonAction" time="7.848"/>
  <testcase classname="testNGPack.TNG_001" name="z" time="0.0">
    <ignored/>
  </testcase> <!-- z -->
</testsuite> <!-- AutomationTest -->
