<?xml version="1.0" encoding="UTF-8"?>
<!-- Generated by org.testng.reporters.JUnitXMLReporter -->
<testsuite ignored="0" hostname="DESKTOP-AU847K4" failures="0" tests="4" name="chromeTest" time="61.994" errors="0" timestamp="2024-12-18T10:42:15 IST">
  <testcase classname="testNGPack.CheckBox1" name="checkboxTest" time="1.382"/>
  <testcase classname="testNGPack.LinksTesting1" name="linktesting1" time="2.208"/>
  <testcase classname="testNGPack.RadioButton1" name="radioButtonTest" time="0.24"/>
  <testcase classname="testNGPack.TNG_002" name="amazonAction" time="23.792"/>
</testsuite> <!-- chromeTest -->
