<?xml version="1.0" encoding="UTF-8"?>
<!-- Generated by org.testng.reporters.JUnitXMLReporter -->
<testsuite ignored="0" hostname="DESKTOP-AU847K4" failures="0" tests="4" name="firefoxTest" time="79.055" errors="0" timestamp="2024-12-18T10:43:34 IST">
  <testcase classname="testNGPack.CheckBox1" name="checkboxTest" time="0.414"/>
  <testcase classname="testNGPack.LinksTesting1" name="linktesting1" time="1.784"/>
  <testcase classname="testNGPack.RadioButton1" name="radioButtonTest" time="0.93"/>
  <testcase classname="testNGPack.TNG_002" name="amazonAction" time="16.522"/>
</testsuite> <!-- firefoxTest -->
