<?xml version="1.0" encoding="UTF-8"?>
<!-- Generated by org.testng.reporters.JUnitXMLReporter -->
<testsuite ignored="0" hostname="DESKTOP-AU847K4" failures="0" tests="5" name="Default test" time="0.248" errors="0" timestamp="2024-12-27T10:21:24 IST">
  <testcase classname="tests.LoginTest" name="loginWithValidCredientials" time="0.028"/>
  <testcase classname="tests.LoginTest" name="loginWithInvalidUser" time="0.004"/>
  <testcase classname="tests.LoginTest" name="loginWithInvalidPassword" time="0.012"/>
  <testcase classname="tests.LoginTest" name="loginWithInvalidCredientials" time="0.015"/>
  <testcase classname="tests.LoginTest" name="loginWithEmptyFields" time="0.018"/>
</testsuite> <!-- Default test -->
