<?xml version="1.0" encoding="UTF-8"?>
<!-- Generated by org.testng.reporters.JUnitXMLReporter -->
<testsuite ignored="0" hostname="DESKTOP-AU847K4" failures="0" tests="16" name="Default test" time="0.439" errors="0" timestamp="2024-12-24T10:16:28 IST">
  <testcase classname="tests.LoginTest" name="loginWithValidCredientials" time="0.035"/>
  <testcase classname="tests.RegisterTest1" name="registerWithMandotoryFields" time="0.005"/>
  <testcase classname="tests.RegisterTest" name="registerWithMandotoryFields" time="0.005"/>
  <testcase classname="tests.SearchTest" name="searchWithValidProduct" time="0.005"/>
  <testcase classname="tests.LoginTest" name="loginWithInvalidUser" time="0.022"/>
  <testcase classname="tests.RegisterTest1" name="registerWithAllFields" time="0.002"/>
  <testcase classname="tests.RegisterTest" name="registerWithAllFields" time="0.003"/>
  <testcase classname="tests.SearchTest" name="searchWithInvalidProduct" time="0.004"/>
  <testcase classname="tests.LoginTest" name="loginWithInvalidPassword" time="0.013"/>
  <testcase classname="tests.RegisterTest1" name="registerWithDuplicateFields" time="0.002"/>
  <testcase classname="tests.RegisterTest" name="registerWithDuplicateFields" time="0.006"/>
  <testcase classname="tests.SearchTest" name="searchWithEmptyProduct" time="0.005"/>
  <testcase classname="tests.LoginTest" name="loginWithInvalidCredientials" time="0.009"/>
  <testcase classname="tests.RegisterTest1" name="registerWithEmptyFields" time="0.004"/>
  <testcase classname="tests.RegisterTest" name="registerWithEmptyFields" time="0.005"/>
  <testcase classname="tests.LoginTest" name="loginWithEmptyFields" time="0.002"/>
</testsuite> <!-- Default test -->
