<?xml version="1.0" encoding="UTF-8"?>
<testng-results ignored="0" total="3" passed="3" failed="0" skipped="0">
  <reporter-output>
  </reporter-output>
  <suite started-at="2025-02-14T10:54:44 IST" name="Default suite" finished-at="2025-02-14T10:55:06 IST" duration-ms="21532">
    <groups>
      <group name="cucumber">
        <method signature="AbstractTestNGCucumberTests.runScenario(io.cucumber.testng.PickleWrapper,io.cucumber.testng.FeatureWrapper)[pri:0, instance:runners.TestRunner@451001e5]" name="runScenario" class="io.cucumber.testng.AbstractTestNGCucumberTests"/>
      </group> <!-- cucumber -->
    </groups>
    <test started-at="2025-02-14T10:54:44 IST" name="Default test" finished-at="2025-02-14T10:55:06 IST" duration-ms="21532">
      <class name="runners.TestRunner">
        <test-method is-config="true" signature="setUpClass(org.testng.ITestContext)[pri:0, instance:runners.TestRunner@451001e5]" started-at="2025-02-14T10:54:44 IST" name="setUpClass" finished-at="2025-02-14T10:54:46 IST" duration-ms="1319" status="PASS">
          <params>
            <param index="0">
              <value>
                <![CDATA[org.testng.TestRunner@7bdf6bb7]]>
              </value>
            </param>
          </params>
          <reporter-output>
          </reporter-output>
        </test-method> <!-- setUpClass -->
        <test-method signature="runScenario(io.cucumber.testng.PickleWrapper,io.cucumber.testng.FeatureWrapper)[pri:0, instance:runners.TestRunner@451001e5]" started-at="2025-02-14T10:54:46 IST" name="runScenario" description="Runs Cucumber Scenarios" data-provider="scenarios" finished-at="2025-02-14T10:55:06 IST" duration-ms="19990" status="PASS">
          <params>
            <param index="0">
              <value>
                <![CDATA["User sees an error when logging in with an invalid username"]]>
              </value>
            </param>
            <param index="1">
              <value>
                <![CDATA["Login Test with Positive values and Negative username and Negative password"]]>
              </value>
            </param>
          </params>
          <reporter-output>
          </reporter-output>
        </test-method> <!-- runScenario -->
        <test-method signature="runScenario(io.cucumber.testng.PickleWrapper,io.cucumber.testng.FeatureWrapper)[pri:0, instance:runners.TestRunner@451001e5]" started-at="2025-02-14T10:54:46 IST" name="runScenario" description="Runs Cucumber Scenarios" data-provider="scenarios" finished-at="2025-02-14T10:55:06 IST" duration-ms="19878" status="PASS">
          <params>
            <param index="0">
              <value>
                <![CDATA["User successfully logs in with valid credentials"]]>
              </value>
            </param>
            <param index="1">
              <value>
                <![CDATA["Login Test with Positive values and Negative username and Negative password"]]>
              </value>
            </param>
          </params>
          <reporter-output>
          </reporter-output>
        </test-method> <!-- runScenario -->
        <test-method signature="runScenario(io.cucumber.testng.PickleWrapper,io.cucumber.testng.FeatureWrapper)[pri:0, instance:runners.TestRunner@451001e5]" started-at="2025-02-14T10:54:46 IST" name="runScenario" description="Runs Cucumber Scenarios" data-provider="scenarios" finished-at="2025-02-14T10:55:06 IST" duration-ms="19876" status="PASS">
          <params>
            <param index="0">
              <value>
                <![CDATA["User sees an error when logging in with an invalid password"]]>
              </value>
            </param>
            <param index="1">
              <value>
                <![CDATA["Login Test with Positive values and Negative username and Negative password"]]>
              </value>
            </param>
          </params>
          <reporter-output>
          </reporter-output>
        </test-method> <!-- runScenario -->
        <test-method is-config="true" signature="tearDownClass()[pri:0, instance:runners.TestRunner@451001e5]" started-at="2025-02-14T10:55:06 IST" name="tearDownClass" finished-at="2025-02-14T10:55:06 IST" duration-ms="92" status="PASS">
          <reporter-output>
          </reporter-output>
        </test-method> <!-- tearDownClass -->
      </class> <!-- runners.TestRunner -->
    </test> <!-- Default test -->
  </suite> <!-- Default suite -->
</testng-results>
