<?xml version="1.0" encoding="UTF-8"?>
<testsuite name="Cucumber" time="1.509" tests="3" skipped="0" failures="3" errors="0">
<testcase classname="User Registration" name="Register with mandatory fields" time="0.111">
<failure/>
<system-out><![CDATA[
Given User navigates to Register Account page...............................undefined
When User enters first name "Ravikanth" Into the First Name field...........skipped
And Enters lastname "Lella" into the Last Name field........................skipped
And Enters email address "ravikanthlella@gmail.com" into the Email field....skipped
And Enters telephone "1234567890" into the Telephone field..................skipped
And Enters password "12345" into the Password field.........................skipped
And Enters password "12345" into the Password Confirm field.................skipped
And Selects Privacy Policy field............................................skipped
And Click on Continue button................................................skipped
Then Account should get successfully created................................skipped
]]></system-out>
</testcase>
<testcase classname="User Registration" name="Register with all fields" time="0.058">
<failure/>
<system-out><![CDATA[
Given User navigates to Register Account page...............................undefined
When User enters first name "Ravikanth" Into the First Name field...........skipped
And Enters lastname "Lella" into the Last Name field........................skipped
And Enters email address "ravikanthlella@gmail.com" into the Email field....skipped
And Enters telephone "1234567890" into the Telephone field..................skipped
And Enters password "12345" into the Password field.........................skipped
And Enters password "12345" into the Password Confirm field.................skipped
And Selects Yes for Newsletter..............................................skipped
And Selects Privacy Policy field............................................skipped
And Click on Continue button................................................skipped
Then Account should get successfully created................................skipped
]]></system-out>
</testcase>
<testcase classname="User Registration" name="Register without providing any fields." time="0.011">
<failure/>
<system-out><![CDATA[
Given User navigates to Register Account page...............................undefined
When User donot enter details into any fields...............................skipped
And Click on Continue button................................................skipped
Then Warning messages should be displayed for all the mandatory fields......skipped
]]></system-out>
</testcase>
</testsuite>
