<?xml version="1.0" encoding="UTF-8"?>
<testng-results ignored="0" total="3" passed="3" failed="0" skipped="0">
  <reporter-output>
  </reporter-output>
  <suite started-at="2025-03-03T10:25:37 IST" name="Default suite" finished-at="2025-03-03T10:25:45 IST" duration-ms="7483">
    <groups>
    </groups>
    <test started-at="2025-03-03T10:25:37 IST" name="Default test" finished-at="2025-03-03T10:25:45 IST" duration-ms="7483">
      <class name="apipack.NewTest">
        <test-method signature="test1()[pri:0, instance:apipack.NewTest@5939a379]" started-at="2025-03-03T10:25:37 IST" name="test1" finished-at="2025-03-03T10:25:42 IST" duration-ms="4718" status="PASS">
          <reporter-output>
          </reporter-output>
        </test-method> <!-- test1 -->
        <test-method signature="test2()[pri:0, instance:apipack.NewTest@5939a379]" started-at="2025-03-03T10:25:42 IST" name="test2" finished-at="2025-03-03T10:25:42 IST" duration-ms="251" status="PASS">
          <reporter-output>
          </reporter-output>
        </test-method> <!-- test2 -->
        <test-method signature="test3()[pri:0, instance:apipack.NewTest@5939a379]" started-at="2025-03-03T10:25:42 IST" name="test3" finished-at="2025-03-03T10:25:45 IST" duration-ms="2406" status="PASS">
          <reporter-output>
          </reporter-output>
        </test-method> <!-- test3 -->
      </class> <!-- apipack.NewTest -->
    </test> <!-- Default test -->
  </suite> <!-- Default suite -->
</testng-results>
