<?xml version="1.0" encoding="UTF-8"?>
<testng-results ignored="0" total="8" passed="8" failed="0" skipped="0">
  <reporter-output>
    <line>
      <![CDATA[Clicked on Image Link]]>
    </line>
    <line>
      <![CDATA[Clicked on Image Link]]>
    </line>
  </reporter-output>
  <suite started-at="2024-12-18T10:41:13 IST" name="AutomationSuite" finished-at="2024-12-18T10:43:34 IST" duration-ms="141115">
    <groups>
    </groups>
    <test started-at="2024-12-18T10:41:13 IST" name="chromeTest" finished-at="2024-12-18T10:42:15 IST" duration-ms="61994">
      <class name="testNGPack.CheckBox1">
        <test-method is-config="true" signature="beforeMethod(java.lang.String)[pri:0, instance:testNGPack.CheckBox1@82de64a]" started-at="2024-12-18T10:41:13 IST" name="beforeMethod" finished-at="2024-12-18T10:41:21 IST" duration-ms="8693" status="PASS">
          <params>
            <param index="0">
              <value>
                <![CDATA[chrome]]>
              </value>
            </param>
          </params>
          <reporter-output>
          </reporter-output>
        </test-method> <!-- beforeMethod -->
        <test-method signature="checkboxTest()[pri:0, instance:testNGPack.CheckBox1@82de64a]" started-at="2024-12-18T10:41:21 IST" name="checkboxTest" finished-at="2024-12-18T10:41:23 IST" duration-ms="1382" status="PASS">
          <reporter-output>
          </reporter-output>
        </test-method> <!-- checkboxTest -->
        <test-method is-config="true" signature="afterMethod()[pri:0, instance:testNGPack.CheckBox1@82de64a]" started-at="2024-12-18T10:41:23 IST" name="afterMethod" finished-at="2024-12-18T10:41:25 IST" duration-ms="1646" status="PASS">
          <reporter-output>
          </reporter-output>
        </test-method> <!-- afterMethod -->
      </class> <!-- testNGPack.CheckBox1 -->
      <class name="testNGPack.RadioButton1">
        <test-method is-config="true" signature="beforeMethod(java.lang.String)[pri:0, instance:testNGPack.RadioButton1@e350b40]" started-at="2024-12-18T10:41:35 IST" name="beforeMethod" finished-at="2024-12-18T10:41:45 IST" duration-ms="9211" status="PASS">
          <params>
            <param index="0">
              <value>
                <![CDATA[chrome]]>
              </value>
            </param>
          </params>
          <reporter-output>
          </reporter-output>
        </test-method> <!-- beforeMethod -->
        <test-method signature="radioButtonTest()[pri:0, instance:testNGPack.RadioButton1@e350b40]" started-at="2024-12-18T10:41:45 IST" name="radioButtonTest" finished-at="2024-12-18T10:41:45 IST" duration-ms="240" status="PASS">
          <reporter-output>
          </reporter-output>
        </test-method> <!-- radioButtonTest -->
        <test-method is-config="true" signature="afterMethod()[pri:0, instance:testNGPack.RadioButton1@e350b40]" started-at="2024-12-18T10:41:45 IST" name="afterMethod" finished-at="2024-12-18T10:41:46 IST" duration-ms="909" status="PASS">
          <reporter-output>
          </reporter-output>
        </test-method> <!-- afterMethod -->
      </class> <!-- testNGPack.RadioButton1 -->
      <class name="testNGPack.LinksTesting1">
        <test-method is-config="true" signature="setup(java.lang.String)[pri:0, instance:testNGPack.LinksTesting1@f09733f]" started-at="2024-12-18T10:41:25 IST" name="setup" finished-at="2024-12-18T10:41:32 IST" duration-ms="7497" status="PASS">
          <params>
            <param index="0">
              <value>
                <![CDATA[chrome]]>
              </value>
            </param>
          </params>
          <reporter-output>
          </reporter-output>
        </test-method> <!-- setup -->
        <test-method signature="linktesting1()[pri:0, instance:testNGPack.LinksTesting1@f09733f]" started-at="2024-12-18T10:41:32 IST" name="linktesting1" finished-at="2024-12-18T10:41:34 IST" duration-ms="2208" status="PASS">
          <reporter-output>
            <line>
              <![CDATA[Clicked on Image Link]]>
            </line>
          </reporter-output>
        </test-method> <!-- linktesting1 -->
        <test-method is-config="true" signature="tearDown()[pri:0, instance:testNGPack.LinksTesting1@f09733f]" started-at="2024-12-18T10:41:34 IST" name="tearDown" finished-at="2024-12-18T10:41:35 IST" duration-ms="1206" status="PASS">
          <reporter-output>
          </reporter-output>
        </test-method> <!-- tearDown -->
      </class> <!-- testNGPack.LinksTesting1 -->
      <class name="testNGPack.TNG_002">
        <test-method is-config="true" signature="startUp(java.lang.String)[pri:0, instance:testNGPack.TNG_002@41a0aa7d]" started-at="2024-12-18T10:41:46 IST" name="startUp" finished-at="2024-12-18T10:41:50 IST" duration-ms="3731" status="PASS">
          <params>
            <param index="0">
              <value>
                <![CDATA[chrome]]>
              </value>
            </param>
          </params>
          <reporter-output>
          </reporter-output>
        </test-method> <!-- startUp -->
        <test-method signature="amazonAction(java.lang.reflect.Method)[pri:0, instance:testNGPack.TNG_002@41a0aa7d]" started-at="2024-12-18T10:41:50 IST" name="amazonAction" finished-at="2024-12-18T10:42:13 IST" duration-ms="23792" status="PASS">
          <params>
            <param index="0">
              <value>
                <![CDATA[public void testNGPack.TNG_002.amazonAction(java.lang.reflect.Method)]]>
              </value>
            </param>
          </params>
          <reporter-output>
          </reporter-output>
        </test-method> <!-- amazonAction -->
        <test-method is-config="true" signature="packUp()[pri:0, instance:testNGPack.TNG_002@41a0aa7d]" started-at="2024-12-18T10:42:13 IST" name="packUp" finished-at="2024-12-18T10:42:15 IST" duration-ms="1375" status="PASS">
          <reporter-output>
          </reporter-output>
        </test-method> <!-- packUp -->
      </class> <!-- testNGPack.TNG_002 -->
    </test> <!-- chromeTest -->
    <test started-at="2024-12-18T10:42:15 IST" name="firefoxTest" finished-at="2024-12-18T10:43:34 IST" duration-ms="79055">
      <class name="testNGPack.CheckBox1">
        <test-method is-config="true" signature="beforeMethod(java.lang.String)[pri:0, instance:testNGPack.CheckBox1@2af004b]" started-at="2024-12-18T10:42:15 IST" name="beforeMethod" finished-at="2024-12-18T10:42:29 IST" duration-ms="14296" status="PASS">
          <params>
            <param index="0">
              <value>
                <![CDATA[firefox]]>
              </value>
            </param>
          </params>
          <reporter-output>
          </reporter-output>
        </test-method> <!-- beforeMethod -->
        <test-method signature="checkboxTest()[pri:0, instance:testNGPack.CheckBox1@2af004b]" started-at="2024-12-18T10:42:29 IST" name="checkboxTest" finished-at="2024-12-18T10:42:29 IST" duration-ms="414" status="PASS">
          <reporter-output>
          </reporter-output>
        </test-method> <!-- checkboxTest -->
        <test-method is-config="true" signature="afterMethod()[pri:0, instance:testNGPack.CheckBox1@2af004b]" started-at="2024-12-18T10:42:30 IST" name="afterMethod" finished-at="2024-12-18T10:42:32 IST" duration-ms="2530" status="PASS">
          <reporter-output>
          </reporter-output>
        </test-method> <!-- afterMethod -->
      </class> <!-- testNGPack.CheckBox1 -->
      <class name="testNGPack.RadioButton1">
        <test-method is-config="true" signature="beforeMethod(java.lang.String)[pri:0, instance:testNGPack.RadioButton1@5d0bf09b]" started-at="2024-12-18T10:42:47 IST" name="beforeMethod" finished-at="2024-12-18T10:43:00 IST" duration-ms="12777" status="PASS">
          <params>
            <param index="0">
              <value>
                <![CDATA[firefox]]>
              </value>
            </param>
          </params>
          <reporter-output>
          </reporter-output>
        </test-method> <!-- beforeMethod -->
        <test-method signature="radioButtonTest()[pri:0, instance:testNGPack.RadioButton1@5d0bf09b]" started-at="2024-12-18T10:43:00 IST" name="radioButtonTest" finished-at="2024-12-18T10:43:01 IST" duration-ms="930" status="PASS">
          <reporter-output>
          </reporter-output>
        </test-method> <!-- radioButtonTest -->
        <test-method is-config="true" signature="afterMethod()[pri:0, instance:testNGPack.RadioButton1@5d0bf09b]" started-at="2024-12-18T10:43:01 IST" name="afterMethod" finished-at="2024-12-18T10:43:04 IST" duration-ms="2818" status="PASS">
          <reporter-output>
          </reporter-output>
        </test-method> <!-- afterMethod -->
      </class> <!-- testNGPack.RadioButton1 -->
      <class name="testNGPack.LinksTesting1">
        <test-method is-config="true" signature="setup(java.lang.String)[pri:0, instance:testNGPack.LinksTesting1@248e319b]" started-at="2024-12-18T10:42:32 IST" name="setup" finished-at="2024-12-18T10:42:43 IST" duration-ms="10970" status="PASS">
          <params>
            <param index="0">
              <value>
                <![CDATA[firefox]]>
              </value>
            </param>
          </params>
          <reporter-output>
          </reporter-output>
        </test-method> <!-- setup -->
        <test-method signature="linktesting1()[pri:0, instance:testNGPack.LinksTesting1@248e319b]" started-at="2024-12-18T10:42:43 IST" name="linktesting1" finished-at="2024-12-18T10:42:45 IST" duration-ms="1784" status="PASS">
          <reporter-output>
            <line>
              <![CDATA[Clicked on Image Link]]>
            </line>
          </reporter-output>
        </test-method> <!-- linktesting1 -->
        <test-method is-config="true" signature="tearDown()[pri:0, instance:testNGPack.LinksTesting1@248e319b]" started-at="2024-12-18T10:42:45 IST" name="tearDown" finished-at="2024-12-18T10:42:47 IST" duration-ms="2307" status="PASS">
          <reporter-output>
          </reporter-output>
        </test-method> <!-- tearDown -->
      </class> <!-- testNGPack.LinksTesting1 -->
      <class name="testNGPack.TNG_002">
        <test-method is-config="true" signature="startUp(java.lang.String)[pri:0, instance:testNGPack.TNG_002@563f38c4]" started-at="2024-12-18T10:43:04 IST" name="startUp" finished-at="2024-12-18T10:43:15 IST" duration-ms="10964" status="PASS">
          <params>
            <param index="0">
              <value>
                <![CDATA[firefox]]>
              </value>
            </param>
          </params>
          <reporter-output>
          </reporter-output>
        </test-method> <!-- startUp -->
        <test-method signature="amazonAction(java.lang.reflect.Method)[pri:0, instance:testNGPack.TNG_002@563f38c4]" started-at="2024-12-18T10:43:15 IST" name="amazonAction" finished-at="2024-12-18T10:43:31 IST" duration-ms="16522" status="PASS">
          <params>
            <param index="0">
              <value>
                <![CDATA[public void testNGPack.TNG_002.amazonAction(java.lang.reflect.Method)]]>
              </value>
            </param>
          </params>
          <reporter-output>
          </reporter-output>
        </test-method> <!-- amazonAction -->
        <test-method is-config="true" signature="packUp()[pri:0, instance:testNGPack.TNG_002@563f38c4]" started-at="2024-12-18T10:43:31 IST" name="packUp" finished-at="2024-12-18T10:43:34 IST" duration-ms="2710" status="PASS">
          <reporter-output>
          </reporter-output>
        </test-method> <!-- packUp -->
      </class> <!-- testNGPack.TNG_002 -->
    </test> <!-- firefoxTest -->
  </suite> <!-- AutomationSuite -->
</testng-results>
