<?xml version="1.0" encoding="UTF-8"?>
<testng-results ignored="0" total="2" passed="2" failed="0" skipped="0">
  <reporter-output>
  </reporter-output>
  <suite started-at="2024-12-21T10:53:25 IST" name="Default suite" finished-at="2024-12-21T10:53:25 IST" duration-ms="113">
    <groups>
    </groups>
    <test started-at="2024-12-21T10:53:25 IST" name="Default test" finished-at="2024-12-21T10:53:25 IST" duration-ms="113">
      <class name="testNGPack.TestNGDataDependencyBetweenTests">
        <test-method signature="test1(java.lang.reflect.Method,org.testng.ITestContext)[pri:0, instance:testNGPack.TestNGDataDependencyBetweenTests@5acf93bb]" started-at="2024-12-21T10:53:25 IST" name="test1" finished-at="2024-12-21T10:53:25 IST" duration-ms="17" status="PASS">
          <params>
            <param index="0">
              <value>
                <![CDATA[public void testNGPack.TestNGDataDependencyBetweenTests.test1(java.lang.reflect.Method,org.testng.ITestContext)]]>
              </value>
            </param>
            <param index="1">
              <value>
                <![CDATA[org.testng.TestRunner@1040be71]]>
              </value>
            </param>
          </params>
          <reporter-output>
          </reporter-output>
        </test-method> <!-- test1 -->
        <test-method signature="test2(java.lang.reflect.Method,org.testng.ITestContext)[pri:0, instance:testNGPack.TestNGDataDependencyBetweenTests@5acf93bb]" started-at="2024-12-21T10:53:25 IST" name="test2" finished-at="2024-12-21T10:53:25 IST" duration-ms="2" status="PASS">
          <params>
            <param index="0">
              <value>
                <![CDATA[public void testNGPack.TestNGDataDependencyBetweenTests.test2(java.lang.reflect.Method,org.testng.ITestContext)]]>
              </value>
            </param>
            <param index="1">
              <value>
                <![CDATA[org.testng.TestRunner@1040be71]]>
              </value>
            </param>
          </params>
          <reporter-output>
          </reporter-output>
        </test-method> <!-- test2 -->
      </class> <!-- testNGPack.TestNGDataDependencyBetweenTests -->
    </test> <!-- Default test -->
  </suite> <!-- Default suite -->
</testng-results>
