<?xml version="1.0" encoding="UTF-8"?>
<testng-results ignored="0" total="6" passed="6" failed="0" skipped="0">
  <reporter-output>
  </reporter-output>
  <suite started-at="2024-12-20T10:34:31 IST" name="megasuite" finished-at="2024-12-20T10:34:31 IST" duration-ms="0">
    <groups>
    </groups>
  </suite> <!-- megasuite -->
  <suite started-at="2024-12-20T10:34:24 IST" name="SuiteA" finished-at="2024-12-20T10:34:31 IST" duration-ms="6138">
    <groups>
    </groups>
    <test started-at="2024-12-20T10:34:24 IST" name="TestA" finished-at="2024-12-20T10:34:31 IST" duration-ms="6138">
      <class name="suiteA.TestA2">
        <test-method signature="testA2()[pri:0, instance:suiteA.TestA2@3a93b025]" started-at="2024-12-20T10:34:27 IST" name="testA2" finished-at="2024-12-20T10:34:29 IST" duration-ms="2016" status="PASS">
          <reporter-output>
          </reporter-output>
        </test-method> <!-- testA2 -->
      </class> <!-- suiteA.TestA2 -->
      <class name="suiteA.TestA3">
        <test-method signature="testA3()[pri:0, instance:suiteA.TestA3@35cabb2a]" started-at="2024-12-20T10:34:29 IST" name="testA3" finished-at="2024-12-20T10:34:31 IST" duration-ms="2002" status="PASS">
          <reporter-output>
          </reporter-output>
        </test-method> <!-- testA3 -->
      </class> <!-- suiteA.TestA3 -->
      <class name="suiteA.TestA1">
        <test-method signature="testA1()[pri:0, instance:suiteA.TestA1@4f18837a]" started-at="2024-12-20T10:34:25 IST" name="testA1" finished-at="2024-12-20T10:34:27 IST" duration-ms="2022" status="PASS">
          <reporter-output>
          </reporter-output>
        </test-method> <!-- testA1 -->
      </class> <!-- suiteA.TestA1 -->
    </test> <!-- TestA -->
  </suite> <!-- SuiteA -->
  <suite started-at="2024-12-20T10:34:24 IST" name="SuiteB" finished-at="2024-12-20T10:34:31 IST" duration-ms="6138">
    <groups>
    </groups>
    <test started-at="2024-12-20T10:34:24 IST" name="TestB" finished-at="2024-12-20T10:34:31 IST" duration-ms="6138">
      <class name="suiteB.TestB1">
        <test-method signature="testB1()[pri:0, instance:suiteB.TestB1@76505305]" started-at="2024-12-20T10:34:25 IST" name="testB1" finished-at="2024-12-20T10:34:27 IST" duration-ms="2021" status="PASS">
          <reporter-output>
          </reporter-output>
        </test-method> <!-- testB1 -->
      </class> <!-- suiteB.TestB1 -->
      <class name="suiteB.TestB3">
        <test-method signature="testB3()[pri:0, instance:suiteB.TestB3@77888435]" started-at="2024-12-20T10:34:29 IST" name="testB3" finished-at="2024-12-20T10:34:31 IST" duration-ms="2003" status="PASS">
          <reporter-output>
          </reporter-output>
        </test-method> <!-- testB3 -->
      </class> <!-- suiteB.TestB3 -->
      <class name="suiteB.TestB2">
        <test-method signature="testB2()[pri:0, instance:suiteB.TestB2@14cd1699]" started-at="2024-12-20T10:34:27 IST" name="testB2" finished-at="2024-12-20T10:34:29 IST" duration-ms="2015" status="PASS">
          <reporter-output>
          </reporter-output>
        </test-method> <!-- testB2 -->
      </class> <!-- suiteB.TestB2 -->
    </test> <!-- TestB -->
  </suite> <!-- SuiteB -->
</testng-results>
