<?xml version="1.0" encoding="UTF-8"?>
<testng-results ignored="0" total="1" passed="1" failed="0" skipped="0">
  <reporter-output>
  </reporter-output>
  <suite started-at="2024-12-26T10:19:08 IST" name="Default suite" finished-at="2024-12-26T10:19:26 IST" duration-ms="17134">
    <groups>
    </groups>
    <test started-at="2024-12-26T10:19:08 IST" name="Default test" finished-at="2024-12-26T10:19:26 IST" duration-ms="17134">
      <class name="assertionpack.HardAssertionTest1">
        <test-method signature="f()[pri:0, instance:assertionpack.HardAssertionTest1@1e04fa0a]" started-at="2024-12-26T10:19:09 IST" name="f" finished-at="2024-12-26T10:19:26 IST" duration-ms="17057" status="PASS">
          <reporter-output>
          </reporter-output>
        </test-method> <!-- f -->
      </class> <!-- assertionpack.HardAssertionTest1 -->
    </test> <!-- Default test -->
  </suite> <!-- Default suite -->
</testng-results>
