<?xml version="1.0" encoding="UTF-8"?>
<testng-results ignored="0" total="1" passed="1" failed="0" skipped="0">
  <reporter-output>
  </reporter-output>
  <suite started-at="2024-12-17T10:43:42 IST" name="Default suite" finished-at="2024-12-17T10:44:11 IST" duration-ms="29928">
    <groups>
    </groups>
    <test started-at="2024-12-17T10:43:42 IST" name="Default test" finished-at="2024-12-17T10:44:11 IST" duration-ms="29928">
      <class name="testNGPack.TNG_002">
        <test-method is-config="true" signature="startUp()[pri:0, instance:testNGPack.TNG_002@4dbb42b7]" started-at="2024-12-17T10:43:42 IST" name="startUp" finished-at="2024-12-17T10:43:49 IST" duration-ms="7225" status="PASS">
          <reporter-output>
          </reporter-output>
        </test-method> <!-- startUp -->
        <test-method signature="amazonAction(java.lang.reflect.Method)[pri:0, instance:testNGPack.TNG_002@4dbb42b7]" started-at="2024-12-17T10:43:49 IST" name="amazonAction" finished-at="2024-12-17T10:44:09 IST" duration-ms="20178" status="PASS">
          <params>
            <param index="0">
              <value>
                <![CDATA[public void testNGPack.TNG_002.amazonAction(java.lang.reflect.Method)]]>
              </value>
            </param>
          </params>
          <reporter-output>
          </reporter-output>
        </test-method> <!-- amazonAction -->
        <test-method is-config="true" signature="packUp()[pri:0, instance:testNGPack.TNG_002@4dbb42b7]" started-at="2024-12-17T10:44:09 IST" name="packUp" finished-at="2024-12-17T10:44:11 IST" duration-ms="2450" status="PASS">
          <reporter-output>
          </reporter-output>
        </test-method> <!-- packUp -->
      </class> <!-- testNGPack.TNG_002 -->
    </test> <!-- Default test -->
  </suite> <!-- Default suite -->
</testng-results>
