<?xml version="1.0" encoding="UTF-8"?>
<testng-results ignored="0" total="1" passed="1" failed="0" skipped="0">
  <reporter-output>
  </reporter-output>
  <suite started-at="2025-01-06T10:53:04 IST" name="Default suite" finished-at="2025-01-06T10:53:13 IST" duration-ms="9889">
    <groups>
    </groups>
    <test started-at="2025-01-06T10:53:04 IST" name="Default test" finished-at="2025-01-06T10:53:13 IST" duration-ms="9889">
      <class name="test.LoginTest">
        <test-method is-config="true" signature="startup()[pri:0, instance:test.LoginTest@37d4349f]" started-at="2025-01-06T10:53:04 IST" name="startup" finished-at="2025-01-06T10:53:12 IST" duration-ms="8691" status="PASS">
          <reporter-output>
          </reporter-output>
        </test-method> <!-- startup -->
        <test-method signature="f()[pri:0, instance:test.LoginTest@37d4349f]" started-at="2025-01-06T10:53:12 IST" name="f" finished-at="2025-01-06T10:53:13 IST" duration-ms="648" status="PASS">
          <reporter-output>
          </reporter-output>
        </test-method> <!-- f -->
        <test-method is-config="true" signature="endup()[pri:0, instance:test.LoginTest@37d4349f]" started-at="2025-01-06T10:53:13 IST" name="endup" finished-at="2025-01-06T10:53:13 IST" duration-ms="464" status="PASS">
          <reporter-output>
          </reporter-output>
        </test-method> <!-- endup -->
      </class> <!-- test.LoginTest -->
    </test> <!-- Default test -->
  </suite> <!-- Default suite -->
</testng-results>
