<?xml version="1.0" encoding="UTF-8"?>
<testng-results ignored="0" total="2" passed="2" failed="0" skipped="0">
  <reporter-output>
  </reporter-output>
  <suite started-at="2025-01-04T09:39:24 IST" name="Default suite" finished-at="2025-01-04T09:39:25 IST" duration-ms="1859">
    <groups>
    </groups>
    <test started-at="2025-01-04T09:39:24 IST" name="Default test" finished-at="2025-01-04T09:39:25 IST" duration-ms="1859">
      <class name="excelOperations.FinalversionTest">
        <test-method signature="f(java.util.Hashtable)[pri:0, instance:excelOperations.FinalversionTest@1de76cc7]" started-at="2025-01-04T09:39:25 IST" name="f" data-provider="dp" finished-at="2025-01-04T09:39:25 IST" duration-ms="13" status="PASS">
          <params>
            <param index="0">
              <value>
                <![CDATA[{ExpectedResult=LoginSuccuss, RunMode=Y, UserPassword=ravi2021, UserName=ravilella.2015@gmail.com, Browser=chrome}]]>
              </value>
            </param>
          </params>
          <reporter-output>
          </reporter-output>
        </test-method> <!-- f -->
        <test-method signature="f(java.util.Hashtable)[pri:0, instance:excelOperations.FinalversionTest@1de76cc7]" started-at="2025-01-04T09:39:25 IST" name="f" data-provider="dp" finished-at="2025-01-04T09:39:25 IST" duration-ms="3" status="PASS">
          <params>
            <param index="0">
              <value>
                <![CDATA[{ExpectedResult=LoginSuccuss, RunMode=N, UserPassword=password2, UserName=user2, Browser=firefox}]]>
              </value>
            </param>
          </params>
          <reporter-output>
          </reporter-output>
        </test-method> <!-- f -->
      </class> <!-- excelOperations.FinalversionTest -->
    </test> <!-- Default test -->
  </suite> <!-- Default suite -->
</testng-results>
